<?xml version="1.0" encoding="UTF-8"?>
<testsuite name="pl.laskowski.marcin.domain.SudokuTransformationsTest" tests="15" skipped="0" failures="0" errors="0" timestamp="2021-12-29T11:53:49" hostname="PFIZER-FDO932-M" time="0.019">
  <properties/>
  <testcase name="shouldRotateRight" classname="pl.laskowski.marcin.domain.SudokuTransformationsTest" time="0.008"/>
  <testcase name="shouldRotateLeft" classname="pl.laskowski.marcin.domain.SudokuTransformationsTest" time="0.001"/>
  <testcase name="shouldMirrorByFirstDiagonal" classname="pl.laskowski.marcin.domain.SudokuTransformationsTest" time="0.001"/>
  <testcase name="shouldRotateLeftAndChangeSize" classname="pl.laskowski.marcin.domain.SudokuTransformationsTest" time="0.0"/>
  <testcase name="shouldSwapGivenColumns" classname="pl.laskowski.marcin.domain.SudokuTransformationsTest" time="0.002"/>
  <testcase name="shouldMirrorBySecondDiagonal" classname="pl.laskowski.marcin.domain.SudokuTransformationsTest" time="0.001"/>
  <testcase name="shouldMirrorByFirstDiagonalAndChangeSize" classname="pl.laskowski.marcin.domain.SudokuTransformationsTest" time="0.0"/>
  <testcase name="shouldSwapMultipleColumns" classname="pl.laskowski.marcin.domain.SudokuTransformationsTest" time="0.002"/>
  <testcase name="shouldMirrorBySecondDiagonalAndChangeSize" classname="pl.laskowski.marcin.domain.SudokuTransformationsTest" time="0.0"/>
  <testcase name="shouldSwapMultipleRows" classname="pl.laskowski.marcin.domain.SudokuTransformationsTest" time="0.0"/>
  <testcase name="shouldMirrorByXAxis" classname="pl.laskowski.marcin.domain.SudokuTransformationsTest" time="0.001"/>
  <testcase name="shouldMirrorByYAxis" classname="pl.laskowski.marcin.domain.SudokuTransformationsTest" time="0.0"/>
  <testcase name="shouldSwapGivenRows" classname="pl.laskowski.marcin.domain.SudokuTransformationsTest" time="0.001"/>
  <testcase name="shouldRotate180" classname="pl.laskowski.marcin.domain.SudokuTransformationsTest" time="0.001"/>
  <testcase name="shouldRotateRightAndChangeSize" classname="pl.laskowski.marcin.domain.SudokuTransformationsTest" time="0.0"/>
  <system-out><![CDATA[]]></system-out>
  <system-err><![CDATA[]]></system-err>
</testsuite>
