<?xml version="1.0" encoding="UTF-8"?>
<testsuite name="pl.laskowski.marcin.model.FieldTest" tests="4" skipped="0" failures="0" errors="0" timestamp="2021-12-29T11:53:49" hostname="PFIZER-FDO932-M" time="0.001">
  <properties/>
  <testcase name="setNewValueToField" classname="pl.laskowski.marcin.model.FieldTest" time="0.001"/>
  <testcase name="createFieldWithCoords" classname="pl.laskowski.marcin.model.FieldTest" time="0.0"/>
  <testcase name="createEmptyField" classname="pl.laskowski.marcin.model.FieldTest" time="0.0"/>
  <testcase name="shouldBeEqualsIfCoordsAreEquals" classname="pl.laskowski.marcin.model.FieldTest" time="0.0"/>
  <system-out><![CDATA[]]></system-out>
  <system-err><![CDATA[]]></system-err>
</testsuite>
