<?xml version="1.0" encoding="UTF-8"?>
<testsuite name="pl.laskowski.marcin.domain.algorithm.IndexEncoderTest" tests="1" skipped="0" failures="0" errors="0" timestamp="2021-12-29T11:53:49" hostname="PFIZER-FDO932-M" time="0.001">
  <properties/>
  <testcase name="check" classname="pl.laskowski.marcin.domain.algorithm.IndexEncoderTest" time="0.001"/>
  <system-out><![CDATA[]]></system-out>
  <system-err><![CDATA[]]></system-err>
</testsuite>
