<?xml version="1.0" encoding="UTF-8"?>
<testsuite name="pl.laskowski.marcin.model.matrix.ArrayMatrixTest" tests="11" skipped="0" failures="0" errors="0" timestamp="2021-12-29T11:53:49" hostname="PFIZER-FDO932-M" time="0.014">
  <properties/>
  <testcase name="checkIfMatrixContainsGivenElement" classname="pl.laskowski.marcin.model.matrix.ArrayMatrixTest" time="0.0"/>
  <testcase name="createNonEmptyMatrixAndCheckItsSize" classname="pl.laskowski.marcin.model.matrix.ArrayMatrixTest" time="0.0"/>
  <testcase name="createEmptyMatrixAndCheckItsSize" classname="pl.laskowski.marcin.model.matrix.ArrayMatrixTest" time="0.0"/>
  <testcase name="removeGivenElementFromMatrix" classname="pl.laskowski.marcin.model.matrix.ArrayMatrixTest" time="0.001"/>
  <testcase name="checkIfGivenElementWasRemoved" classname="pl.laskowski.marcin.model.matrix.ArrayMatrixTest" time="0.0"/>
  <testcase name="checkIfMatrixHandlesEmptyStateProperly" classname="pl.laskowski.marcin.model.matrix.ArrayMatrixTest" time="0.0"/>
  <testcase name="checkIfMatrixIsEqualsWhenDataIsEquals" classname="pl.laskowski.marcin.model.matrix.ArrayMatrixTest" time="0.0"/>
  <testcase name="checkIfMatrixIsEqualsWhenSizeIsEquals" classname="pl.laskowski.marcin.model.matrix.ArrayMatrixTest" time="0.012"/>
  <testcase name="checkIfMatrixIsInitializedWithNulls" classname="pl.laskowski.marcin.model.matrix.ArrayMatrixTest" time="0.001"/>
  <testcase name="checkIfClearingMatrixWorks" classname="pl.laskowski.marcin.model.matrix.ArrayMatrixTest" time="0.0"/>
  <testcase name="insertObjectIntoMatrixAndCheckItsThere" classname="pl.laskowski.marcin.model.matrix.ArrayMatrixTest" time="0.0"/>
  <system-out><![CDATA[]]></system-out>
  <system-err><![CDATA[]]></system-err>
</testsuite>
